This is pdfTeX, Version 3.1415926-2.3-1.40.12 (MiKTeX 2.9) (preloaded format=pdflatex 2020.6.30)  3 AUG 2020 20:31
entering extended mode
**C:/Users/Dell/Desktop/psfig/unsupported/psfig-li.tex
(C:/Users/Dell/Desktop/psfig/unsupported/psfig-li.tex
LaTeX2e <2011/06/27>
Babel <v3.8m> and hyphenation patterns for loaded.
\@unused=\write3
psfig/tex 1.2-dvi2ps-li
\ps@stream=\read1
)
*
! Emergency stop.
<*> ...Dell/Desktop/psfig/unsupported/psfig-li.tex
                                                  
End of file on the terminal!

 
Here is how much of TeX's memory you used:
 121 strings out of 495354
 1337 string characters out of 3183859
 45110 words of memory out of 3000000
 3390 multiletter control sequences out of 15000+200000
 3640 words of font info for 14 fonts, out of 3000000 for 9000
 14 hyphenation exceptions out of 8191
 5i,0n,8p,144b,8s stack positions out of 5000i,500n,10000p,200000b,50000s
!  ==> Fatal error occurred, no output PDF file produced!
